# JRE version: Java(TM) SE Runtime Environment Oracle GraalVM 25.0.3+9.1 (25.0.3+9) (build 25.0.3+9-LTS-jvmci-b01)
# Java VM: Java HotSpot(TM) 64-Bit Server VM Oracle GraalVM 25.0.3+9.1 (25.0.3+9-LTS-jvmci-b01, mixed mode, sharing, tiered, jvmci, jvmci compiler, compressed oops, compressed class ptrs, g1 gc, windows-amd64)
GC Precious Log:
 CardTable entry size: 512
 Card Set container configuration: InlinePtr #cards 5 size 8 Array Of Cards #cards 10 size 36 Howl #buckets 4 coarsen threshold 1843 Howl Bitmap #cards 512 size 80 coarsen threshold 460 Card regions per heap region 1 cards per card region 2048
 CPUs: 8 total, 8 available
 Memory: 12033M
 Large Page Support: Disabled
 NUMA Support: Disabled
 Compressed Oops: Enabled (32-bit)
 Heap Region Size: 1M
 Heap Min Capacity: 8M
 Heap Initial Capacity: 190M
 Heap Max Capacity: 2G
 Pre-touch: Disabled
 Parallel Workers: 8
 Concurrent Workers: 2
 Concurrent Refinement Workers: 8
 Periodic GC: Disabled
Heap:
 garbage-first heap   total reserved 2097152K, committed 122880K, used 90497K [0x0000000080000000, 0x0000000100000000)
  region size 1024K, 31 young (31744K), 5 survivors (5120K)
GC Heap Usage History (20 events):
Event: 24.258 {heap Before GC invocations=18 (full 0):
 garbage-first heap   total reserved 2097152K, committed 95232K, used 85375K [0x0000000080000000, 0x0000000100000000)
  region size 1024K, 36 young (36864K), 4 survivors (4096K)
}
Event: 24.263 {heap After GC invocations=19 (full 0):
 garbage-first heap   total reserved 2097152K, committed 95232K, used 54074K [0x0000000080000000, 0x0000000100000000)
  region size 1024K, 1 young (1024K), 1 survivors (1024K)
}
Event: 24.643 {heap Before GC invocations=19 (full 0):
 garbage-first heap   total reserved 2097152K, committed 95232K, used 86842K [0x0000000080000000, 0x0000000100000000)
  region size 1024K, 33 young (33792K), 1 survivors (1024K)
}
Event: 24.648 {heap After GC invocations=20 (full 0):
 garbage-first heap   total reserved 2097152K, committed 95232K, used 55634K [0x0000000080000000, 0x0000000100000000)
  region size 1024K, 3 young (3072K), 3 survivors (3072K)
}
Event: 25.178 {heap Before GC invocations=20 (full 0):
 garbage-first heap   total reserved 2097152K, committed 95232K, used 86354K [0x0000000080000000, 0x0000000100000000)
  region size 1024K, 33 young (33792K), 3 survivors (3072K)
}
Event: 25.181 {heap After GC invocations=21 (full 0):
 garbage-first heap   total reserved 2097152K, committed 95232K, used 55661K [0x0000000080000000, 0x0000000100000000)
  region size 1024K, 3 young (3072K), 3 survivors (3072K)
}
Event: 25.674 {heap Before GC invocations=22 (full 0):
 garbage-first heap   total reserved 2097152K, committed 96256K, used 86381K [0x0000000080000000, 0x0000000100000000)
  region size 1024K, 34 young (34816K), 3 survivors (3072K)
}
Event: 25.677 {heap After GC invocations=23 (full 0):
 garbage-first heap   total reserved 2097152K, committed 96256K, used 55459K [0x0000000080000000, 0x0000000100000000)
  region size 1024K, 3 young (3072K), 3 survivors (3072K)
}
Event: 26.400 {heap Before GC invocations=23 (full 0):
 garbage-first heap   total reserved 2097152K, committed 96256K, used 88227K [0x0000000080000000, 0x0000000100000000)
  region size 1024K, 35 young (35840K), 3 survivors (3072K)
}
Event: 26.407 {heap After GC invocations=24 (full 0):
 garbage-first heap   total reserved 2097152K, committed 96256K, used 57496K [0x0000000080000000, 0x0000000100000000)
  region size 1024K, 4 young (4096K), 4 survivors (4096K)
}
Event: 27.061 {heap Before GC invocations=24 (full 0):
 garbage-first heap   total reserved 2097152K, committed 96256K, used 88216K [0x0000000080000000, 0x0000000100000000)
  region size 1024K, 35 young (35840K), 4 survivors (4096K)
}
Event: 27.066 {heap After GC invocations=25 (full 0):
 garbage-first heap   total reserved 2097152K, committed 96256K, used 58676K [0x0000000080000000, 0x0000000100000000)
  region size 1024K, 4 young (4096K), 4 survivors (4096K)
}
Event: 27.320 {heap Before GC invocations=26 (full 0):
 garbage-first heap   total reserved 2097152K, committed 101376K, used 88372K [0x0000000080000000, 0x0000000100000000)
  region size 1024K, 33 young (33792K), 4 survivors (4096K)
}
Event: 27.323 {heap After GC invocations=27 (full 0):
 garbage-first heap   total reserved 2097152K, committed 121856K, used 59908K [0x0000000080000000, 0x0000000100000000)
  region size 1024K, 3 young (3072K), 3 survivors (3072K)
}
Event: 104.591 {heap Before GC invocations=27 (full 0):
 garbage-first heap   total reserved 2097152K, committed 121856K, used 113156K [0x0000000080000000, 0x0000000100000000)
  region size 1024K, 56 young (57344K), 3 survivors (3072K)
}
Event: 104.608 {heap After GC invocations=28 (full 0):
 garbage-first heap   total reserved 2097152K, committed 122880K, used 62237K [0x0000000080000000, 0x0000000100000000)
  region size 1024K, 6 young (6144K), 6 survivors (6144K)
}
Event: 105.186 {heap Before GC invocations=28 (full 0):
 garbage-first heap   total reserved 2097152K, committed 122880K, used 113437K [0x0000000080000000, 0x0000000100000000)
  region size 1024K, 56 young (57344K), 6 survivors (6144K)
}
Event: 105.195 {heap After GC invocations=29 (full 0):
 garbage-first heap   total reserved 2097152K, committed 122880K, used 63321K [0x0000000080000000, 0x0000000100000000)
  region size 1024K, 5 young (5120K), 5 survivors (5120K)
}
Event: 107.752 {heap Before GC invocations=30 (full 0):
 garbage-first heap   total reserved 2097152K, committed 122880K, used 112473K [0x0000000080000000, 0x0000000100000000)
  region size 1024K, 55 young (56320K), 5 survivors (5120K)
}
Event: 107.761 {heap After GC invocations=31 (full 0):
 garbage-first heap   total reserved 2097152K, committed 122880K, used 65921K [0x0000000080000000, 0x0000000100000000)
  region size 1024K, 5 young (5120K), 5 survivors (5120K)
}

